[debug] [2023-03-31T15:31:02.026Z] ----------------------------------------------------------------------
[debug] [2023-03-31T15:31:02.028Z] Command:       C:\Program Files\nodejs\node.exe C:\Users\Pablo\AppData\Roaming\npm\node_modules\firebase-tools\lib\bin\firebase.js init hosting
[debug] [2023-03-31T15:31:02.028Z] CLI Version:   11.25.2
[debug] [2023-03-31T15:31:02.028Z] Platform:      win32
[debug] [2023-03-31T15:31:02.028Z] Node Version:  v16.17.1
[debug] [2023-03-31T15:31:02.029Z] Time:          Fri Mar 31 2023 17:31:02 GMT+0200 (hora de verano de Europa central)
[debug] [2023-03-31T15:31:02.029Z] ----------------------------------------------------------------------
[debug] 
[debug] [2023-03-31T15:31:02.035Z] > command requires scopes: ["email","openid","https://www.googleapis.com/auth/cloudplatformprojects.readonly","https://www.googleapis.com/auth/firebase","https://www.googleapis.com/auth/cloud-platform"]
[debug] [2023-03-31T15:31:02.036Z] > authorizing via signed-in user (teachercoverdev@gmail.com)
[info] 
     ######## #### ########  ######## ########     ###     ######  ########
     ##        ##  ##     ## ##       ##     ##  ##   ##  ##       ##
     ######    ##  ########  ######   ########  #########  ######  ######
     ##        ##  ##    ##  ##       ##     ## ##     ##       ## ##
     ##       #### ##     ## ######## ########  ##     ##  ######  ########

You're about to initialize a Firebase project in this directory:

  C:\Users\Pablo\Documents\GitHub\TeacherCoverFront

[info] 
=== Project Setup
[info] 
[info] First, let's associate this project directory with a Firebase project.
[info] You can create multiple project aliases by running firebase use --add, 
[info] but for now we'll just set up a default project.
[info] 
